<?xml version="1.0" encoding="UTF-8"?>
<testng-results ignored="0" total="1" passed="1" failed="0" skipped="0">
  <reporter-output>
  </reporter-output>
  <suite started-at="2023-07-11T16:59:56 IST" name="Default suite" finished-at="2023-07-11T17:01:07 IST" duration-ms="71383">
    <groups>
    </groups>
    <test started-at="2023-07-11T16:59:56 IST" name="Default test" finished-at="2023-07-11T17:01:07 IST" duration-ms="71383">
      <class name="mainJobStatus.MainJobStatusTest">
        <test-method is-config="true" signature="setup()[pri:0, instance:mainJobStatus.MainJobStatusTest@2667f029]" started-at="2023-07-11T16:59:56 IST" name="setup" finished-at="2023-07-11T17:00:29 IST" duration-ms="33187" status="PASS">
          <reporter-output>
          </reporter-output>
        </test-method> <!-- setup -->
        <test-method signature="data()[pri:0, instance:mainJobStatus.MainJobStatusTest@2667f029]" started-at="2023-07-11T17:00:29 IST" name="data" finished-at="2023-07-11T17:01:04 IST" duration-ms="35393" status="PASS">
          <reporter-output>
          </reporter-output>
        </test-method> <!-- data -->
        <test-method is-config="true" signature="exit(org.testng.ITestResult)[pri:0, instance:mainJobStatus.MainJobStatusTest@2667f029]" started-at="2023-07-11T17:01:04 IST" name="exit" finished-at="2023-07-11T17:01:07 IST" duration-ms="2770" status="PASS">
          <params>
            <param index="0">
              <value>
                <![CDATA[[TestResult name=data status=SUCCESS method=MainJobStatusTest.data()[pri:0, instance:mainJobStatus.MainJobStatusTest@2667f029] output={null}]]]>
              </value>
            </param>
          </params>
          <reporter-output>
          </reporter-output>
        </test-method> <!-- exit -->
      </class> <!-- mainJobStatus.MainJobStatusTest -->
    </test> <!-- Default test -->
  </suite> <!-- Default suite -->
</testng-results>
